<?xml version="1.0" encoding="UTF-8"?>
<testng-results skipped="0" failed="0" ignored="0" total="1" passed="1">
  <reporter-output>
    <line>
      <![CDATA[Chrome Browser Launched]]>
    </line>
    <line>
      <![CDATA[URL is navigated]]>
    </line>
    <line>
      <![CDATA[Browser closed]]>
    </line>
  </reporter-output>
  <suite name="Suite" duration-ms="32800" started-at="2020-04-01T13:23:17Z" finished-at="2020-04-01T13:23:49Z">
    <groups>
    </groups>
    <test name="Test" duration-ms="32800" started-at="2020-04-01T13:23:17Z" finished-at="2020-04-01T13:23:49Z">
      <class name="com.oodles.scripts.NewTest">
        <test-method status="PASS" signature="preConditions(java.lang.String, java.lang.String)[pri:0, instance:com.oodles.scripts.NewTest@26be92ad]" name="preConditions" is-config="true" duration-ms="31768" started-at="2020-04-01T13:23:17Z" finished-at="2020-04-01T13:23:48Z">
          <params>
            <param index="0">
              <value>
                <![CDATA[chrome]]>
              </value>
            </param>
            <param index="1">
              <value>
                <![CDATA[http://admin-dev.veto-app.com/login]]>
              </value>
            </param>
          </params>
          <reporter-output>
            <line>
              <![CDATA[Chrome Browser Launched]]>
            </line>
            <line>
              <![CDATA[URL is navigated]]>
            </line>
          </reporter-output>
        </test-method> <!-- preConditions -->
        <test-method status="PASS" signature="f()[pri:0, instance:com.oodles.scripts.NewTest@26be92ad]" name="f" duration-ms="16" started-at="2020-04-01T13:23:48Z" finished-at="2020-04-01T13:23:48Z">
          <reporter-output>
          </reporter-output>
        </test-method> <!-- f -->
        <test-method status="PASS" signature="postCondition()[pri:0, instance:com.oodles.scripts.NewTest@26be92ad]" name="postCondition" is-config="true" duration-ms="891" started-at="2020-04-01T13:23:48Z" finished-at="2020-04-01T13:23:49Z">
          <reporter-output>
            <line>
              <![CDATA[Browser closed]]>
            </line>
          </reporter-output>
        </test-method> <!-- postCondition -->
      </class> <!-- com.oodles.scripts.NewTest -->
    </test> <!-- Test -->
  </suite> <!-- Suite -->
</testng-results>
